=== LATERAL MOVE ATTACK - domingo,  2 de noviembre de 2025, 20:26:26 CET ===

[INFO] Eliminando pod existente: attacker
[INFO] Eliminando pod existente: victim
[+] Creando pod atacante: attacker
pod/attacker created
[WAIT] Esperando pod atacante...
pod/attacker condition met
[+] Creando pod víctima: victim
pod/victim created
[WAIT] Esperando pod víctima...
pod/victim condition met
[+] Instalando curl en atacante...
fetch https://dl-cdn.alpinelinux.org/alpine/v3.22/main/x86_64/APKINDEX.tar.gz
fetch https://dl-cdn.alpinelinux.org/alpine/v3.22/community/x86_64/APKINDEX.tar.gz
(1/9) Installing brotli-libs (1.1.0-r2)
(2/9) Installing c-ares (1.34.5-r0)
(3/9) Installing libunistring (1.3-r0)
(4/9) Installing libidn2 (2.3.7-r0)
(5/9) Installing nghttp2-libs (1.65.0-r0)
(6/9) Installing libpsl (0.21.5-r3)
(7/9) Installing zstd-libs (1.5.7-r0)
(8/9) Installing libcurl (8.14.1-r2)
(9/9) Installing curl (8.14.1-r2)
Executing busybox-1.37.0-r19.trigger
OK: 12 MiB in 25 packages
[ATTACK] Intentando curl desde attacker a victim:80
[SUCCESS] CONEXIÓN BLOQUEADA
[+] Spawneando shell en attacker...
Shell spawned

=== ATAQUE COMPLETADO - domingo,  2 de noviembre de 2025, 20:26:42 CET ===
