Sun Nov 02 04:30:11 2025: Falco version: 0.42.0 (x86_64)
Sun Nov 02 04:30:11 2025: Falco initialized with configuration files:
Sun Nov 02 04:30:11 2025:    /etc/falco/falco.yaml | schema validation: ok
Sun Nov 02 04:30:11 2025: System info: Linux version 6.1.155-176.282.amzn2023.x86_64 (mockbuild@ip-10-0-42-236) (gcc (GCC) 11.5.0 20240719 (Red Hat 11.5.0-5), GNU ld version 2.41-50.amzn2023.0.4) #1 SMP PREEMPT_DYNAMIC Tue Oct  7 15:53:25 UTC 2025
Sun Nov 02 04:30:11 2025: Loaded plugin 'container@0.4.0' from file /usr/share/falco/plugins/libcontainer.so
Sun Nov 02 04:30:11 2025: [libs]: container: Enabled 'podman' container engine.
Sun Nov 02 04:30:11 2025: [libs]: container: * enabled container runtime socket at '/host/run/podman/podman.sock'
Sun Nov 02 04:30:11 2025: [libs]: container: Enabled 'docker' container engine.
Sun Nov 02 04:30:11 2025: [libs]: container: * enabled container runtime socket at '/host/var/run/docker.sock'
Sun Nov 02 04:30:11 2025: [libs]: container: Enabled 'cri' container engine.
Sun Nov 02 04:30:11 2025: [libs]: container: * enabled container runtime socket at '/host/run/containerd/containerd.sock'
Sun Nov 02 04:30:11 2025: [libs]: container: * enabled container runtime socket at '/host/run/crio/crio.sock'
Sun Nov 02 04:30:11 2025: [libs]: container: * enabled container runtime socket at '/host/run/k3s/containerd/containerd.sock'
Sun Nov 02 04:30:11 2025: [libs]: container: * enabled container runtime socket at '/host/run/host-containerd/containerd.sock'
Sun Nov 02 04:30:11 2025: [libs]: container: Enabled 'containerd' container engine.
Sun Nov 02 04:30:11 2025: [libs]: container: * enabled container runtime socket at '/host/run/host-containerd/containerd.sock'
Sun Nov 02 04:30:11 2025: [libs]: container: Enabled 'lxc' container engine.
Sun Nov 02 04:30:11 2025: [libs]: container: Enabled 'libvirt_lxc' container engine.
Sun Nov 02 04:30:11 2025: [libs]: container: Enabled 'bpm' container engine.
Sun Nov 02 04:30:11 2025: Loading rules from:
Sun Nov 02 04:30:11 2025:    /etc/falco/falco_rules.yaml | schema validation: ok
Sun Nov 02 04:30:11 2025: Hostname value has been overridden via environment variable to: ip-10-0-101-188.eu-west-1.compute.internal
Sun Nov 02 04:30:11 2025: The chosen syscall buffer dimension is: 8388608 bytes (8 MBs)
Sun Nov 02 04:30:11 2025: Starting health webserver with threadiness 2, listening on 0.0.0.0:8765
Sun Nov 02 04:30:12 2025: Loaded event sources: syscall
Sun Nov 02 04:30:12 2025: Enabled event sources: syscall
Sun Nov 02 04:30:12 2025: Opening 'syscall' source with Kernel module
Sun Nov 02 04:30:12 2025: [libs]: Trying to open the right engine!
{"hostname":"ip-10-0-101-188.eu-west-1.compute.internal","output":"04:31:23.320239732: Notice A shell was spawned in a container with an attached terminal | evt_type=execve user=root user_uid=0 user_loginuid=-1 process=sh proc_exepath=/bin/busybox parent=containerd-shim command=sh -c echo testing terminal=34816 exe_flags=EXE_WRITABLE|EXE_LOWER_LAYER container_id=6b089c45d03a container_name=test-sh container_image_repository=docker.io/library/alpine container_image_tag=latest k8s_pod_name=test-sh k8s_ns_name=default","output_fields":{"container.id":"6b089c45d03a","container.image.repository":"docker.io/library/alpine","container.image.tag":"latest","container.name":"test-sh","evt.arg.flags":"EXE_WRITABLE|EXE_LOWER_LAYER","evt.time":1762057883320239732,"evt.type":"execve","k8s.ns.name":"default","k8s.pod.name":"test-sh","proc.cmdline":"sh -c echo testing","proc.exepath":"/bin/busybox","proc.name":"sh","proc.pname":"containerd-shim","proc.tty":34816,"user.loginuid":-1,"user.name":"root","user.uid":0},"priority":"Notice","rule":"Terminal shell in container","source":"syscall","tags":["T1059","container","maturity_stable","mitre_execution","shell"],"time":"2025-11-02T04:31:23.320239732Z"}
{"hostname":"ip-10-0-101-188.eu-west-1.compute.internal","output":"04:31:24.540896821: Notice A shell was spawned in a container with an attached terminal | evt_type=execve user=root user_uid=0 user_loginuid=-1 process=sh proc_exepath=/bin/busybox parent=containerd-shim command=sh -c echo testing terminal=34816 exe_flags=EXE_WRITABLE|EXE_LOWER_LAYER container_id=c8b5d64de7be container_name=test-sh container_image_repository=docker.io/library/alpine container_image_tag=latest k8s_pod_name=test-sh k8s_ns_name=default","output_fields":{"container.id":"c8b5d64de7be","container.image.repository":"docker.io/library/alpine","container.image.tag":"latest","container.name":"test-sh","evt.arg.flags":"EXE_WRITABLE|EXE_LOWER_LAYER","evt.time":1762057884540896821,"evt.type":"execve","k8s.ns.name":"default","k8s.pod.name":"test-sh","proc.cmdline":"sh -c echo testing","proc.exepath":"/bin/busybox","proc.name":"sh","proc.pname":"containerd-shim","proc.tty":34816,"user.loginuid":-1,"user.name":"root","user.uid":0},"priority":"Notice","rule":"Terminal shell in container","source":"syscall","tags":["T1059","container","maturity_stable","mitre_execution","shell"],"time":"2025-11-02T04:31:24.540896821Z"}
{"hostname":"ip-10-0-101-188.eu-west-1.compute.internal","output":"04:31:38.829418394: Notice A shell was spawned in a container with an attached terminal | evt_type=execve user=root user_uid=0 user_loginuid=-1 process=sh proc_exepath=/bin/busybox parent=containerd-shim command=sh -c echo testing terminal=34816 exe_flags=EXE_WRITABLE|EXE_LOWER_LAYER container_id=0e742c102b77 container_name=test-sh container_image_repository=docker.io/library/alpine container_image_tag=latest k8s_pod_name=test-sh k8s_ns_name=default","output_fields":{"container.id":"0e742c102b77","container.image.repository":"docker.io/library/alpine","container.image.tag":"latest","container.name":"test-sh","evt.arg.flags":"EXE_WRITABLE|EXE_LOWER_LAYER","evt.time":1762057898829418394,"evt.type":"execve","k8s.ns.name":"default","k8s.pod.name":"test-sh","proc.cmdline":"sh -c echo testing","proc.exepath":"/bin/busybox","proc.name":"sh","proc.pname":"containerd-shim","proc.tty":34816,"user.loginuid":-1,"user.name":"root","user.uid":0},"priority":"Notice","rule":"Terminal shell in container","source":"syscall","tags":["T1059","container","maturity_stable","mitre_execution","shell"],"time":"2025-11-02T04:31:38.829418394Z"}
{"hostname":"ip-10-0-101-188.eu-west-1.compute.internal","output":"04:34:06.313384662: Critical Executing binary not part of base image | proc_exe=curl proc_sname= gparent=systemd proc_exe_ino_ctime=1762058045120175247 proc_exe_ino_mtime=1759421850000000000 proc_exe_ino_ctime_duration_proc_start=1156470955 proc_cwd=/ container_start_ts=1762058039333949157 evt_type=execve user=root user_uid=0 user_loginuid=-1 process=curl proc_exepath=/usr/bin/curl parent=containerd-shim command=curl -s --connect-timeout 5 victim:80 terminal=0 exe_flags=EXE_WRITABLE|EXE_UPPER_LAYER container_id=6f07b1cd018a container_name=attacker container_image_repository=docker.io/library/alpine container_image_tag=latest k8s_pod_name=attacker k8s_ns_name=default","output_fields":{"container.id":"6f07b1cd018a","container.image.repository":"docker.io/library/alpine","container.image.tag":"latest","container.name":"attacker","container.start_ts":1762058039333949157,"evt.arg.flags":"EXE_WRITABLE|EXE_UPPER_LAYER","evt.time":1762058046313384662,"evt.type":"execve","k8s.ns.name":"default","k8s.pod.name":"attacker","proc.aname[2]":"systemd","proc.cmdline":"curl -s --connect-timeout 5 victim:80","proc.cwd":"/","proc.exe":"curl","proc.exe_ino.ctime":1762058045120175247,"proc.exe_ino.ctime_duration_proc_start":1156470955,"proc.exe_ino.mtime":1759421850000000000,"proc.exepath":"/usr/bin/curl","proc.name":"curl","proc.pname":"containerd-shim","proc.sname":"","proc.tty":0,"user.loginuid":-1,"user.name":"root","user.uid":0},"priority":"Critical","rule":"Drop and execute new binary in container","source":"syscall","tags":["PCI_DSS_11.5.1","TA0003","container","maturity_stable","mitre_persistence","process"],"time":"2025-11-02T04:34:06.313384662Z"}
{"hostname":"ip-10-0-101-188.eu-west-1.compute.internal","output":"04:35:41.233480599: Critical Executing binary not part of base image | proc_exe=curl proc_sname= gparent=containerd-shim proc_exe_ino_ctime=1762058140050473386 proc_exe_ino_mtime=1759421850000000000 proc_exe_ino_ctime_duration_proc_start=1143021018 proc_cwd=/ container_start_ts=1762058134662752050 evt_type=execve user=root user_uid=0 user_loginuid=-1 process=curl proc_exepath=/usr/bin/curl parent=runc command=curl -s --connect-timeout 5 victim:80 terminal=0 exe_flags=EXE_WRITABLE|EXE_UPPER_LAYER container_id=845ad03468e5 container_name=attacker container_image_repository=docker.io/library/alpine container_image_tag=latest k8s_pod_name=attacker k8s_ns_name=default","output_fields":{"container.id":"845ad03468e5","container.image.repository":"docker.io/library/alpine","container.image.tag":"latest","container.name":"attacker","container.start_ts":1762058134662752050,"evt.arg.flags":"EXE_WRITABLE|EXE_UPPER_LAYER","evt.time":1762058141233480599,"evt.type":"execve","k8s.ns.name":"default","k8s.pod.name":"attacker","proc.aname[2]":"containerd-shim","proc.cmdline":"curl -s --connect-timeout 5 victim:80","proc.cwd":"/","proc.exe":"curl","proc.exe_ino.ctime":1762058140050473386,"proc.exe_ino.ctime_duration_proc_start":1143021018,"proc.exe_ino.mtime":1759421850000000000,"proc.exepath":"/usr/bin/curl","proc.name":"curl","proc.pname":"runc","proc.sname":"","proc.tty":0,"user.loginuid":-1,"user.name":"root","user.uid":0},"priority":"Critical","rule":"Drop and execute new binary in container","source":"syscall","tags":["PCI_DSS_11.5.1","TA0003","container","maturity_stable","mitre_persistence","process"],"time":"2025-11-02T04:35:41.233480599Z"}
